{"name": "Logo presence on OrangeHRM home Page", "status": "broken", "statusDetails": {"message": "selenium.common.exceptions.NoSuchElementException: Message: no such element: Unable to locate element: {\"method\":\"xpath\",\"selector\":\"//*[@id='app']/div[1]/div/div[1]/div/div[1]/img\"}\n  (Session info: chrome=124.0.6367.119); For documentation on this error, please visit: https://www.selenium.dev/documentation/webdriver/troubleshooting/errors#no-such-element-exception\nStacktrace:\n\tGetHandleVerifier [0x00007FF7841D1502+60802]\n\t(No symbol) [0x00007FF78414AC02]\n\t(No symbol) [0x00007FF784007CE4]\n\t(No symbol) [0x00007FF784056D4D]\n\t(No symbol) [0x00007FF784056E1C]\n\t(No symbol) [0x00007FF78409CE37]\n\t(No symbol) [0x00007FF78407ABBF]\n\t(No symbol) [0x00007FF78409A224]\n\t(No symbol) [0x00007FF78407A923]\n\t(No symbol) [0x00007FF784048FEC]\n\t(No symbol) [0x00007FF784049C21]\n\tGetHandleVerifier [0x00007FF7844D411D+3217821]\n\tGetHandleVerifier [0x00007FF7845160B7+3488055]\n\tGetHandleVerifier [0x00007FF78450F03F+3459263]\n\tGetHandleVerifier [0x00007FF78428B846+823494]\n\t(No symbol) [0x00007FF784155F9F]\n\t(No symbol) [0x00007FF784150EC4]\n\t(No symbol) [0x00007FF784151052]\n\t(No symbol) [0x00007FF7841418A4]\n\tBaseThreadInitThunk [0x00007FFF3699257D+29]\n\tRtlUserThreadStart [0x00007FFF37DCAA58+40]\n\n", "trace": "  File \"C:\\Users\\ABS RAKIB\\AppData\\Local\\Programs\\Python\\Python311\\Lib\\site-packages\\behave\\model.py\", line 1329, in run\n    match.run(runner.context)\n  File \"C:\\Users\\ABS RAKIB\\AppData\\Local\\Programs\\Python\\Python311\\Lib\\site-packages\\behave\\matchers.py\", line 98, in run\n    self.func(context, *args, **kwargs)\n  File \"features\\steps\\test1.py\", line 20, in verify_logo\n    logo = context.driver.find_element(By.XPATH, \"//*[@id='app']/div[1]/div/div[1]/div/div[1]/img\")\n           ^^^^^^^^^^^^^^^^^^^^^^^^^^^^^^^^^^^^^^^^^^^^^^^^^^^^^^^^^^^^^^^^^^^^^^^^^^^^^^^^^^^^^^^^\n  File \"C:\\Users\\ABS RAKIB\\AppData\\Local\\Programs\\Python\\Python311\\Lib\\site-packages\\selenium\\webdriver\\remote\\webdriver.py\", line 741, in find_element\n    return self.execute(Command.FIND_ELEMENT, {\"using\": by, \"value\": value})[\"value\"]\n           ^^^^^^^^^^^^^^^^^^^^^^^^^^^^^^^^^^^^^^^^^^^^^^^^^^^^^^^^^^^^^^^^^\n  File \"C:\\Users\\ABS RAKIB\\AppData\\Local\\Programs\\Python\\Python311\\Lib\\site-packages\\selenium\\webdriver\\remote\\webdriver.py\", line 347, in execute\n    self.error_handler.check_response(response)\n  File \"C:\\Users\\ABS RAKIB\\AppData\\Local\\Programs\\Python\\Python311\\Lib\\site-packages\\selenium\\webdriver\\remote\\errorhandler.py\", line 229, in check_response\n    raise exception_class(message, screen, stacktrace)\n"}, "steps": [{"name": "Given launch the chrome browser", "status": "passed", "start": 1715101283806, "stop": 1715101286179}, {"name": "When open the OrangeHRM Home Page", "status": "passed", "start": 1715101286180, "stop": 1715101312349}, {"name": "Then verify the logo on the page", "status": "broken", "statusDetails": {"message": "selenium.common.exceptions.NoSuchElementException: Message: no such element: Unable to locate element: {\"method\":\"xpath\",\"selector\":\"//*[@id='app']/div[1]/div/div[1]/div/div[1]/img\"}\n  (Session info: chrome=124.0.6367.119); For documentation on this error, please visit: https://www.selenium.dev/documentation/webdriver/troubleshooting/errors#no-such-element-exception\nStacktrace:\n\tGetHandleVerifier [0x00007FF7841D1502+60802]\n\t(No symbol) [0x00007FF78414AC02]\n\t(No symbol) [0x00007FF784007CE4]\n\t(No symbol) [0x00007FF784056D4D]\n\t(No symbol) [0x00007FF784056E1C]\n\t(No symbol) [0x00007FF78409CE37]\n\t(No symbol) [0x00007FF78407ABBF]\n\t(No symbol) [0x00007FF78409A224]\n\t(No symbol) [0x00007FF78407A923]\n\t(No symbol) [0x00007FF784048FEC]\n\t(No symbol) [0x00007FF784049C21]\n\tGetHandleVerifier [0x00007FF7844D411D+3217821]\n\tGetHandleVerifier [0x00007FF7845160B7+3488055]\n\tGetHandleVerifier [0x00007FF78450F03F+3459263]\n\tGetHandleVerifier [0x00007FF78428B846+823494]\n\t(No symbol) [0x00007FF784155F9F]\n\t(No symbol) [0x00007FF784150EC4]\n\t(No symbol) [0x00007FF784151052]\n\t(No symbol) [0x00007FF7841418A4]\n\tBaseThreadInitThunk [0x00007FFF3699257D+29]\n\tRtlUserThreadStart [0x00007FFF37DCAA58+40]\n\n", "trace": "  File \"C:\\Users\\ABS RAKIB\\AppData\\Local\\Programs\\Python\\Python311\\Lib\\site-packages\\behave\\model.py\", line 1329, in run\n    match.run(runner.context)\n  File \"C:\\Users\\ABS RAKIB\\AppData\\Local\\Programs\\Python\\Python311\\Lib\\site-packages\\behave\\matchers.py\", line 98, in run\n    self.func(context, *args, **kwargs)\n  File \"features\\steps\\test1.py\", line 20, in verify_logo\n    logo = context.driver.find_element(By.XPATH, \"//*[@id='app']/div[1]/div/div[1]/div/div[1]/img\")\n           ^^^^^^^^^^^^^^^^^^^^^^^^^^^^^^^^^^^^^^^^^^^^^^^^^^^^^^^^^^^^^^^^^^^^^^^^^^^^^^^^^^^^^^^^\n  File \"C:\\Users\\ABS RAKIB\\AppData\\Local\\Programs\\Python\\Python311\\Lib\\site-packages\\selenium\\webdriver\\remote\\webdriver.py\", line 741, in find_element\n    return self.execute(Command.FIND_ELEMENT, {\"using\": by, \"value\": value})[\"value\"]\n           ^^^^^^^^^^^^^^^^^^^^^^^^^^^^^^^^^^^^^^^^^^^^^^^^^^^^^^^^^^^^^^^^^\n  File \"C:\\Users\\ABS RAKIB\\AppData\\Local\\Programs\\Python\\Python311\\Lib\\site-packages\\selenium\\webdriver\\remote\\webdriver.py\", line 347, in execute\n    self.error_handler.check_response(response)\n  File \"C:\\Users\\ABS RAKIB\\AppData\\Local\\Programs\\Python\\Python311\\Lib\\site-packages\\selenium\\webdriver\\remote\\errorhandler.py\", line 229, in check_response\n    raise exception_class(message, screen, stacktrace)\n"}, "start": 1715101312349, "stop": 1715101322417}, {"name": "And close browser", "status": "skipped", "start": 1715101322417, "stop": 1715101322417}], "start": 1715101283804, "stop": 1715101322417, "uuid": "6b2b4dcc-dc27-4c2c-9edf-4a76bd19ce7d", "historyId": "313d29db02c14b318be8ceedd65c2a2c", "fullName": "OrangeHRM Logo: Logo presence on OrangeHRM home Page", "labels": [{"name": "severity", "value": "normal"}, {"name": "feature", "value": "OrangeHRM Logo"}, {"name": "framework", "value": "behave"}, {"name": "language", "value": "cpython3"}]}